生成启动时间为 2017/9/24 16:58:41。
     1>项目“C:\Users\红菱\Desktop\OpenCV\flip\flip\flip.vcxproj”在节点 2 上(build 个目标)。
     1>InitializeBuildStatus:
         正在创建“Debug\flip.unsuccessfulbuild”，因为已指定“AlwaysCreate”。
       ClCompile:
         H:\VS2010\VC\bin\CL.exe /c /ZI /nologo /W3 /WX- /Od /Oy- /D WIN32 /D _DEBUG /D _CONSOLE /D _UNICODE /D UNICODE /Gm /EHsc /RTC1 /MDd /GS /fp:precise /Zc:wchar_t /Zc:forScope /Fo"Debug\\" /Fd"Debug\vc100.pdb" /Gd /TP /analyze- /errorReport:prompt flip.cpp
         flip.cpp
     1>h:\opencv\opencv3.0\opencv\build\include\opencv2\core\mat.hpp(1965): warning C4819: 该文件包含不能在当前代码页(936)中表示的字符。请将该文件保存为 Unicode 格式以防止数据丢失
     1>h:\opencv\opencv3.0\opencv\build\include\opencv2\core\persistence.hpp : warning C4819: 该文件包含不能在当前代码页(936)中表示的字符。请将该文件保存为 Unicode 格式以防止数据丢失
     1>h:\opencv\opencv3.0\opencv\build\include\opencv2\core\mat.hpp(1965): warning C4819: 该文件包含不能在当前代码页(936)中表示的字符。请将该文件保存为 Unicode 格式以防止数据丢失
     1>h:\opencv\opencv3.0\opencv\build\include\opencv2\core\utility.hpp : warning C4819: 该文件包含不能在当前代码页(936)中表示的字符。请将该文件保存为 Unicode 格式以防止数据丢失
     1>h:\opencv\opencv3.0\opencv\build\include\opencv2\core\utility.hpp : warning C4819: 该文件包含不能在当前代码页(936)中表示的字符。请将该文件保存为 Unicode 格式以防止数据丢失
       ManifestResourceCompile:
         所有输出均为最新。
       Link:
         H:\VS2010\VC\bin\link.exe /ERRORREPORT:PROMPT /OUT:"C:\Users\红菱\Desktop\OpenCV\flip\Debug\flip.exe" /INCREMENTAL /NOLOGO opencv_ts300.lib opencv_world300.lib kernel32.lib user32.lib gdi32.lib winspool.lib comdlg32.lib advapi32.lib shell32.lib ole32.lib oleaut32.lib uuid.lib odbc32.lib odbccp32.lib /MANIFEST /ManifestFile:"Debug\flip.exe.intermediate.manifest" /MANIFESTUAC:"level='asInvoker' uiAccess='false'" /DEBUG /PDB:"C:\Users\红菱\Desktop\OpenCV\flip\Debug\flip.pdb" /SUBSYSTEM:CONSOLE /TLBID:1 /DYNAMICBASE /NXCOMPAT /IMPLIB:"C:\Users\红菱\Desktop\OpenCV\flip\Debug\flip.lib" /MACHINE:X86 Debug\flip.exe.embed.manifest.res
         Debug\flip.obj
       Manifest:
         C:\Program Files (x86)\Microsoft SDKs\Windows\v7.0A\bin\mt.exe /nologo /verbose /out:"Debug\flip.exe.embed.manifest" /manifest Debug\flip.exe.intermediate.manifest
         所有输出均为最新。
       LinkEmbedManifest:
         所有输出均为最新。
         flip.vcxproj -> C:\Users\红菱\Desktop\OpenCV\flip\Debug\flip.exe
       FinalizeBuildStatus:
         正在删除文件“Debug\flip.unsuccessfulbuild”。
         正在对“Debug\flip.lastbuildstate”执行 Touch 任务。
     1>已完成生成项目“C:\Users\红菱\Desktop\OpenCV\flip\flip\flip.vcxproj”(build 个目标)的操作。

生成成功。

已用时间 00:00:01.15
