生成启动时间为 2017/11/6 20:51:32。
     1>项目“F:\OpenCV\jiandan\jiandan\jiandan.vcxproj”在节点 2 上(Build 个目标)。
     1>PrepareForBuild:
         正在创建目录“F:\OpenCV\jiandan\Release\”。
       InitializeBuildStatus:
         正在创建“Release\jiandan.unsuccessfulbuild”，因为已指定“AlwaysCreate”。
       ClCompile:
         H:\vs2012\VC\bin\CL.exe /c /Zi /nologo /W3 /WX- /O2 /Oi /Oy- /GL /D WIN32 /D NDEBUG /D _CONSOLE /D _UNICODE /D UNICODE /Gm- /EHsc /MD /GS /Gy /fp:precise /Zc:wchar_t /Zc:forScope /Fo"Release\\" /Fd"Release\vc110.pdb" /Gd /TP /analyze- /errorReport:prompt "源.cpp"
         源.cpp
     1>H:\OpenCV\opencv3.0\opencv\build\include\opencv2/core/mat.hpp(1965): warning C4819: 该文件包含不能在当前代码页(936)中表示的字符。请将该文件保存为 Unicode 格式以防止数据丢失
     1>H:\OpenCV\opencv3.0\opencv\build\include\opencv2/core/persistence.hpp : warning C4819: 该文件包含不能在当前代码页(936)中表示的字符。请将该文件保存为 Unicode 格式以防止数据丢失
     1>H:\OpenCV\opencv3.0\opencv\build\include\opencv2/core/utility.hpp : warning C4819: 该文件包含不能在当前代码页(936)中表示的字符。请将该文件保存为 Unicode 格式以防止数据丢失
       Link:
         H:\vs2012\VC\bin\link.exe /ERRORREPORT:PROMPT /OUT:"F:\OpenCV\jiandan\Release\jiandan.exe" /INCREMENTAL:NO /NOLOGO opencv_ts300.lib opencv_world300.lib kernel32.lib user32.lib gdi32.lib winspool.lib comdlg32.lib advapi32.lib shell32.lib ole32.lib oleaut32.lib uuid.lib odbc32.lib odbccp32.lib /MANIFEST /MANIFESTUAC:"level='asInvoker' uiAccess='false'" /manifest:embed /DEBUG /PDB:"F:\OpenCV\jiandan\Release\jiandan.pdb" /SUBSYSTEM:CONSOLE /OPT:REF /OPT:ICF /LTCG /TLBID:1 /DYNAMICBASE /NXCOMPAT /IMPLIB:"F:\OpenCV\jiandan\Release\jiandan.lib" /MACHINE:X86 /SAFESEH "Release\源.obj"
         正在生成代码
         已完成代码的生成
         jiandan.vcxproj -> F:\OpenCV\jiandan\Release\jiandan.exe
       FinalizeBuildStatus:
         正在删除文件“Release\jiandan.unsuccessfulbuild”。
         正在对“Release\jiandan.lastbuildstate”执行 Touch 任务。
     1>已完成生成项目“F:\OpenCV\jiandan\jiandan\jiandan.vcxproj”(Build 个目标)的操作。

生成成功。

已用时间 00:00:01.53
