生成启动时间为 2017/9/28 11:11:27。
     1>项目“C:\Users\红菱\Desktop\kaiyunsuan\kaiyunsuan\kaiyunsuan.vcxproj”在节点 2 上(build 个目标)。
     1>PrepareForBuild:
         正在创建目录“C:\Users\红菱\Desktop\kaiyunsuan\Debug\”。
       InitializeBuildStatus:
         正在创建“Debug\kaiyunsuan.unsuccessfulbuild”，因为已指定“AlwaysCreate”。
       ClCompile:
         H:\VS2010\VC\bin\CL.exe /c /ZI /nologo /W3 /WX- /Od /Oy- /D WIN32 /D _DEBUG /D _CONSOLE /D _UNICODE /D UNICODE /Gm /EHsc /RTC1 /MDd /GS /fp:precise /Zc:wchar_t /Zc:forScope /Fo"Debug\\" /Fd"Debug\vc100.pdb" /Gd /TP /analyze- /errorReport:prompt kaiyunsuan.cpp
         kaiyunsuan.cpp
     1>h:\opencv\opencv3.0\opencv\build\include\opencv2\core\mat.hpp(1965): warning C4819: 该文件包含不能在当前代码页(936)中表示的字符。请将该文件保存为 Unicode 格式以防止数据丢失
     1>h:\opencv\opencv3.0\opencv\build\include\opencv2\core\persistence.hpp : warning C4819: 该文件包含不能在当前代码页(936)中表示的字符。请将该文件保存为 Unicode 格式以防止数据丢失
     1>h:\opencv\opencv3.0\opencv\build\include\opencv2\core\mat.hpp(1965): warning C4819: 该文件包含不能在当前代码页(936)中表示的字符。请将该文件保存为 Unicode 格式以防止数据丢失
     1>h:\opencv\opencv3.0\opencv\build\include\opencv2\core\utility.hpp : warning C4819: 该文件包含不能在当前代码页(936)中表示的字符。请将该文件保存为 Unicode 格式以防止数据丢失
     1>h:\opencv\opencv3.0\opencv\build\include\opencv2\core\utility.hpp : warning C4819: 该文件包含不能在当前代码页(936)中表示的字符。请将该文件保存为 Unicode 格式以防止数据丢失
       ManifestResourceCompile:
         C:\Program Files (x86)\Microsoft SDKs\Windows\v7.0A\bin\rc.exe /nologo /fo"Debug\kaiyunsuan.exe.embed.manifest.res" Debug\kaiyunsuan_manifest.rc 
       Link:
         H:\VS2010\VC\bin\link.exe /ERRORREPORT:PROMPT /OUT:"C:\Users\红菱\Desktop\kaiyunsuan\Debug\kaiyunsuan.exe" /INCREMENTAL /NOLOGO opencv_ts300.lib opencv_world300.lib kernel32.lib user32.lib gdi32.lib winspool.lib comdlg32.lib advapi32.lib shell32.lib ole32.lib oleaut32.lib uuid.lib odbc32.lib odbccp32.lib /MANIFEST /ManifestFile:"Debug\kaiyunsuan.exe.intermediate.manifest" /MANIFESTUAC:"level='asInvoker' uiAccess='false'" /DEBUG /PDB:"C:\Users\红菱\Desktop\kaiyunsuan\Debug\kaiyunsuan.pdb" /SUBSYSTEM:CONSOLE /TLBID:1 /DYNAMICBASE /NXCOMPAT /IMPLIB:"C:\Users\红菱\Desktop\kaiyunsuan\Debug\kaiyunsuan.lib" /MACHINE:X86 Debug\kaiyunsuan.exe.embed.manifest.res
         Debug\kaiyunsuan.obj
       Manifest:
         C:\Program Files (x86)\Microsoft SDKs\Windows\v7.0A\bin\mt.exe /nologo /verbose /out:"Debug\kaiyunsuan.exe.embed.manifest" /manifest Debug\kaiyunsuan.exe.intermediate.manifest
         C:\Program Files (x86)\Microsoft SDKs\Windows\v7.0A\bin\rc.exe /nologo /fo"Debug\kaiyunsuan.exe.embed.manifest.res" Debug\kaiyunsuan_manifest.rc 
       LinkEmbedManifest:
         H:\VS2010\VC\bin\link.exe /ERRORREPORT:PROMPT /OUT:"C:\Users\红菱\Desktop\kaiyunsuan\Debug\kaiyunsuan.exe" /INCREMENTAL /NOLOGO opencv_ts300.lib opencv_world300.lib kernel32.lib user32.lib gdi32.lib winspool.lib comdlg32.lib advapi32.lib shell32.lib ole32.lib oleaut32.lib uuid.lib odbc32.lib odbccp32.lib /MANIFEST /ManifestFile:"Debug\kaiyunsuan.exe.intermediate.manifest" /MANIFESTUAC:"level='asInvoker' uiAccess='false'" /DEBUG /PDB:"C:\Users\红菱\Desktop\kaiyunsuan\Debug\kaiyunsuan.pdb" /SUBSYSTEM:CONSOLE /TLBID:1 /DYNAMICBASE /NXCOMPAT /IMPLIB:"C:\Users\红菱\Desktop\kaiyunsuan\Debug\kaiyunsuan.lib" /MACHINE:X86 Debug\kaiyunsuan.exe.embed.manifest.res
         Debug\kaiyunsuan.obj
         kaiyunsuan.vcxproj -> C:\Users\红菱\Desktop\kaiyunsuan\Debug\kaiyunsuan.exe
       FinalizeBuildStatus:
         正在删除文件“Debug\kaiyunsuan.unsuccessfulbuild”。
         正在对“Debug\kaiyunsuan.lastbuildstate”执行 Touch 任务。
     1>已完成生成项目“C:\Users\红菱\Desktop\kaiyunsuan\kaiyunsuan\kaiyunsuan.vcxproj”(build 个目标)的操作。

生成成功。

已用时间 00:00:02.71
